2023-09-17 16:07:20,185 - INFO - Starting connection with Open Weather API
2023-09-17 16:07:20,187 - INFO - Extracting data from the API...
2023-09-17 16:07:20,193 - DEBUG - Starting new HTTPS connection (1): api.openweathermap.org:443
2023-09-17 16:07:21,062 - DEBUG - https://api.openweathermap.org:443 "GET /data/2.5/weather?q=Madrid,ES&units=metric&appid=3b884a8eb3287d2ea4e49499de01e9e6 HTTP/1.1" 200 471
2023-09-17 16:07:21,066 - DEBUG - Starting new HTTPS connection (1): api.openweathermap.org:443
2023-09-17 16:07:21,882 - DEBUG - https://api.openweathermap.org:443 "GET /data/2.5/weather?q=Valencia,ES&units=metric&appid=3b884a8eb3287d2ea4e49499de01e9e6 HTTP/1.1" 200 517
2023-09-17 16:07:21,888 - DEBUG - Starting new HTTPS connection (1): api.openweathermap.org:443
2023-09-17 16:07:22,701 - DEBUG - https://api.openweathermap.org:443 "GET /data/2.5/weather?q=Alicante,ES&units=metric&appid=3b884a8eb3287d2ea4e49499de01e9e6 HTTP/1.1" 200 468
2023-09-17 16:07:22,705 - DEBUG - Starting new HTTPS connection (1): api.openweathermap.org:443
2023-09-17 16:07:23,519 - DEBUG - https://api.openweathermap.org:443 "GET /data/2.5/weather?q=Almer%C3%ADa,ES&units=metric&appid=3b884a8eb3287d2ea4e49499de01e9e6 HTTP/1.1" 200 516
2023-09-17 16:07:23,525 - DEBUG - Starting new HTTPS connection (1): api.openweathermap.org:443
2023-09-17 16:07:24,546 - DEBUG - https://api.openweathermap.org:443 "GET /data/2.5/weather?q=Granada,ES&units=metric&appid=3b884a8eb3287d2ea4e49499de01e9e6 HTTP/1.1" 200 513
2023-09-17 16:07:24,554 - DEBUG - Starting new HTTPS connection (1): api.openweathermap.org:443
2023-09-17 16:07:25,363 - DEBUG - https://api.openweathermap.org:443 "GET /data/2.5/weather?q=Ja%C3%A9n,ES&units=metric&appid=3b884a8eb3287d2ea4e49499de01e9e6 HTTP/1.1" 200 510
2023-09-17 16:07:25,370 - DEBUG - Starting new HTTPS connection (1): api.openweathermap.org:443
2023-09-17 16:07:26,183 - DEBUG - https://api.openweathermap.org:443 "GET /data/2.5/weather?q=M%C3%A1laga,ES&units=metric&appid=3b884a8eb3287d2ea4e49499de01e9e6 HTTP/1.1" 200 469
2023-09-17 16:07:26,187 - DEBUG - Starting new HTTPS connection (1): api.openweathermap.org:443
2023-09-17 16:07:27,718 - DEBUG - https://api.openweathermap.org:443 "GET /data/2.5/weather?q=C%C3%B3rdoba,ES&units=metric&appid=3b884a8eb3287d2ea4e49499de01e9e6 HTTP/1.1" 200 476
2023-09-17 16:07:27,720 - DEBUG - Starting new HTTPS connection (1): api.openweathermap.org:443
2023-09-17 16:07:29,562 - DEBUG - https://api.openweathermap.org:443 "GET /data/2.5/weather?q=C%C3%A1diz,ES&units=metric&appid=3b884a8eb3287d2ea4e49499de01e9e6 HTTP/1.1" 200 512
2023-09-17 16:07:29,566 - DEBUG - Starting new HTTPS connection (1): api.openweathermap.org:443
2023-09-17 16:07:30,278 - DEBUG - https://api.openweathermap.org:443 "GET /data/2.5/weather?q=Huelva,ES&units=metric&appid=3b884a8eb3287d2ea4e49499de01e9e6 HTTP/1.1" 200 526
2023-09-17 16:07:30,284 - DEBUG - Starting new HTTPS connection (1): api.openweathermap.org:443
2023-09-17 16:07:31,097 - DEBUG - https://api.openweathermap.org:443 "GET /data/2.5/weather?q=Sevilla,ES&units=metric&appid=3b884a8eb3287d2ea4e49499de01e9e6 HTTP/1.1" 200 475
2023-09-17 16:07:31,102 - DEBUG - Starting new HTTPS connection (1): api.openweathermap.org:443
2023-09-17 16:07:31,814 - DEBUG - https://api.openweathermap.org:443 "GET /data/2.5/weather?q=Badajoz,ES&units=metric&appid=3b884a8eb3287d2ea4e49499de01e9e6 HTTP/1.1" 200 500
2023-09-17 16:07:31,818 - DEBUG - Starting new HTTPS connection (1): api.openweathermap.org:443
2023-09-17 16:07:32,633 - DEBUG - https://api.openweathermap.org:443 "GET /data/2.5/weather?q=C%C3%A1ceres,ES&units=metric&appid=3b884a8eb3287d2ea4e49499de01e9e6 HTTP/1.1" 200 496
2023-09-17 16:07:32,637 - DEBUG - Starting new HTTPS connection (1): api.openweathermap.org:443
2023-09-17 16:07:33,453 - DEBUG - https://api.openweathermap.org:443 "GET /data/2.5/weather?q=Albacete,ES&units=metric&appid=3b884a8eb3287d2ea4e49499de01e9e6 HTTP/1.1" 200 570
2023-09-17 16:07:33,456 - DEBUG - Starting new HTTPS connection (1): api.openweathermap.org:443
2023-09-17 16:07:34,222 - DEBUG - https://api.openweathermap.org:443 "GET /data/2.5/weather?q=Toledo,ES&units=metric&appid=3b884a8eb3287d2ea4e49499de01e9e6 HTTP/1.1" 200 483
2023-09-17 16:07:34,226 - DEBUG - Starting new HTTPS connection (1): api.openweathermap.org:443
2023-09-17 16:07:35,603 - DEBUG - https://api.openweathermap.org:443 "GET /data/2.5/weather?q=Salamanca,ES&units=metric&appid=3b884a8eb3287d2ea4e49499de01e9e6 HTTP/1.1" 200 519
2023-09-17 16:07:35,606 - DEBUG - Starting new HTTPS connection (1): api.openweathermap.org:443
2023-09-17 16:07:36,422 - DEBUG - https://api.openweathermap.org:443 "GET /data/2.5/weather?q=Castell%C3%B3n%20de%20la%20Plana,ES&units=metric&appid=3b884a8eb3287d2ea4e49499de01e9e6 HTTP/1.1" 200 529
2023-09-17 16:07:36,428 - DEBUG - Starting new HTTPS connection (1): api.openweathermap.org:443
2023-09-17 16:07:37,242 - DEBUG - https://api.openweathermap.org:443 "GET /data/2.5/weather?q=Barcelona,ES&units=metric&appid=3b884a8eb3287d2ea4e49499de01e9e6 HTTP/1.1" 200 464
2023-09-17 16:07:37,247 - DEBUG - Starting new HTTPS connection (1): api.openweathermap.org:443
2023-09-17 16:07:38,061 - DEBUG - https://api.openweathermap.org:443 "GET /data/2.5/weather?q=Tarragona,ES&units=metric&appid=3b884a8eb3287d2ea4e49499de01e9e6 HTTP/1.1" 200 468
2023-09-17 16:07:38,064 - DEBUG - Starting new HTTPS connection (1): api.openweathermap.org:443
2023-09-17 16:07:38,880 - DEBUG - https://api.openweathermap.org:443 "GET /data/2.5/weather?q=Gerona,ES&units=metric&appid=3b884a8eb3287d2ea4e49499de01e9e6 HTTP/1.1" 200 464
2023-09-17 16:07:38,884 - DEBUG - Starting new HTTPS connection (1): api.openweathermap.org:443
2023-09-17 16:07:40,168 - DEBUG - https://api.openweathermap.org:443 "GET /data/2.5/weather?q=Vitoria-Gasteiz,ES&units=metric&appid=3b884a8eb3287d2ea4e49499de01e9e6 HTTP/1.1" 200 575
2023-09-17 16:07:40,171 - DEBUG - Starting new HTTPS connection (1): api.openweathermap.org:443
2023-09-17 16:07:40,620 - DEBUG - https://api.openweathermap.org:443 "GET /data/2.5/weather?q=Oviedo,ES&units=metric&appid=3b884a8eb3287d2ea4e49499de01e9e6 HTTP/1.1" 200 518
2023-09-17 16:07:40,628 - DEBUG - Starting new HTTPS connection (1): api.openweathermap.org:443
2023-09-17 16:07:41,440 - DEBUG - https://api.openweathermap.org:443 "GET /data/2.5/weather?q=%C3%81vila,ES&units=metric&appid=3b884a8eb3287d2ea4e49499de01e9e6 HTTP/1.1" 200 479
2023-09-17 16:07:41,444 - DEBUG - Starting new HTTPS connection (1): api.openweathermap.org:443
2023-09-17 16:07:42,157 - DEBUG - https://api.openweathermap.org:443 "GET /data/2.5/weather?q=Burgos,ES&units=metric&appid=3b884a8eb3287d2ea4e49499de01e9e6 HTTP/1.1" 200 471
2023-09-17 16:07:42,160 - DEBUG - Starting new HTTPS connection (1): api.openweathermap.org:443
2023-09-17 16:07:42,874 - DEBUG - https://api.openweathermap.org:443 "GET /data/2.5/weather?q=Santander,ES&units=metric&appid=3b884a8eb3287d2ea4e49499de01e9e6 HTTP/1.1" 200 471
2023-09-17 16:07:42,877 - DEBUG - Starting new HTTPS connection (1): api.openweathermap.org:443
2023-09-17 16:07:43,591 - DEBUG - https://api.openweathermap.org:443 "GET /data/2.5/weather?q=Ciudad%20Real,ES&units=metric&appid=3b884a8eb3287d2ea4e49499de01e9e6 HTTP/1.1" 200 494
2023-09-17 16:07:43,595 - DEBUG - Starting new HTTPS connection (1): api.openweathermap.org:443
2023-09-17 16:07:44,410 - DEBUG - https://api.openweathermap.org:443 "GET /data/2.5/weather?q=Cuenca,ES&units=metric&appid=3b884a8eb3287d2ea4e49499de01e9e6 HTTP/1.1" 200 511
2023-09-17 16:07:44,415 - DEBUG - Starting new HTTPS connection (1): api.openweathermap.org:443
2023-09-17 16:07:45,333 - DEBUG - https://api.openweathermap.org:443 "GET /data/2.5/weather?q=Guadalajara,ES&units=metric&appid=3b884a8eb3287d2ea4e49499de01e9e6 HTTP/1.1" 200 525
2023-09-17 16:07:45,337 - DEBUG - Starting new HTTPS connection (1): api.openweathermap.org:443
2023-09-17 16:07:46,151 - DEBUG - https://api.openweathermap.org:443 "GET /data/2.5/weather?q=San%20Sebastian,ES&units=metric&appid=3b884a8eb3287d2ea4e49499de01e9e6 HTTP/1.1" 200 488
2023-09-17 16:07:46,154 - DEBUG - Starting new HTTPS connection (1): api.openweathermap.org:443
2023-09-17 16:07:46,867 - DEBUG - https://api.openweathermap.org:443 "GET /data/2.5/weather?q=Huesca,ES&units=metric&appid=3b884a8eb3287d2ea4e49499de01e9e6 HTTP/1.1" 200 482
2023-09-17 16:07:46,871 - DEBUG - Starting new HTTPS connection (1): api.openweathermap.org:443
2023-09-17 16:07:47,686 - DEBUG - https://api.openweathermap.org:443 "GET /data/2.5/weather?q=Palma,ES&units=metric&appid=3b884a8eb3287d2ea4e49499de01e9e6 HTTP/1.1" 200 496
2023-09-17 16:07:47,692 - DEBUG - Starting new HTTPS connection (1): api.openweathermap.org:443
2023-09-17 16:07:48,505 - DEBUG - https://api.openweathermap.org:443 "GET /data/2.5/weather?q=La%20Coru%C3%B1a,ES&units=metric&appid=3b884a8eb3287d2ea4e49499de01e9e6 HTTP/1.1" 200 471
2023-09-17 16:07:48,509 - DEBUG - Starting new HTTPS connection (1): api.openweathermap.org:443
2023-09-17 16:07:49,634 - DEBUG - https://api.openweathermap.org:443 "GET /data/2.5/weather?q=Logro%C3%B1o,ES&units=metric&appid=3b884a8eb3287d2ea4e49499de01e9e6 HTTP/1.1" 200 471
2023-09-17 16:07:49,638 - DEBUG - Starting new HTTPS connection (1): api.openweathermap.org:443
2023-09-17 16:07:50,452 - DEBUG - https://api.openweathermap.org:443 "GET /data/2.5/weather?q=Las%20Palmas%20de%20Gran%20Canaria,ES&units=metric&appid=3b884a8eb3287d2ea4e49499de01e9e6 HTTP/1.1" 200 494
2023-09-17 16:07:50,456 - DEBUG - Starting new HTTPS connection (1): api.openweathermap.org:443
2023-09-17 16:07:50,949 - DEBUG - https://api.openweathermap.org:443 "GET /data/2.5/weather?q=Le%C3%B3n,ES&units=metric&appid=3b884a8eb3287d2ea4e49499de01e9e6 HTTP/1.1" 200 509
2023-09-17 16:07:50,954 - DEBUG - Starting new HTTPS connection (1): api.openweathermap.org:443
2023-09-17 16:07:51,885 - DEBUG - https://api.openweathermap.org:443 "GET /data/2.5/weather?q=L%C3%A9rida,ES&units=metric&appid=3b884a8eb3287d2ea4e49499de01e9e6 HTTP/1.1" 200 461
2023-09-17 16:07:51,888 - DEBUG - Starting new HTTPS connection (1): api.openweathermap.org:443
2023-09-17 16:07:52,704 - DEBUG - https://api.openweathermap.org:443 "GET /data/2.5/weather?q=Lugo,ES&units=metric&appid=3b884a8eb3287d2ea4e49499de01e9e6 HTTP/1.1" 200 475
2023-09-17 16:07:52,708 - DEBUG - Starting new HTTPS connection (1): api.openweathermap.org:443
2023-09-17 16:07:54,551 - DEBUG - https://api.openweathermap.org:443 "GET /data/2.5/weather?q=Murcia,ES&units=metric&appid=3b884a8eb3287d2ea4e49499de01e9e6 HTTP/1.1" 200 513
2023-09-17 16:07:54,555 - DEBUG - Starting new HTTPS connection (1): api.openweathermap.org:443
2023-09-17 16:07:55,265 - DEBUG - https://api.openweathermap.org:443 "GET /data/2.5/weather?q=Pamplona,ES&units=metric&appid=3b884a8eb3287d2ea4e49499de01e9e6 HTTP/1.1" 200 474
2023-09-17 16:07:55,271 - DEBUG - Starting new HTTPS connection (1): api.openweathermap.org:443
2023-09-17 16:07:56,084 - DEBUG - https://api.openweathermap.org:443 "GET /data/2.5/weather?q=Orense,ES&units=metric&appid=3b884a8eb3287d2ea4e49499de01e9e6 HTTP/1.1" 200 532
2023-09-17 16:07:56,087 - DEBUG - Starting new HTTPS connection (1): api.openweathermap.org:443
2023-09-17 16:07:59,156 - DEBUG - https://api.openweathermap.org:443 "GET /data/2.5/weather?q=Palencia,ES&units=metric&appid=3b884a8eb3287d2ea4e49499de01e9e6 HTTP/1.1" 200 518
2023-09-17 16:07:59,159 - DEBUG - Starting new HTTPS connection (1): api.openweathermap.org:443
2023-09-17 16:07:59,975 - DEBUG - https://api.openweathermap.org:443 "GET /data/2.5/weather?q=Pontevedra,ES&units=metric&appid=3b884a8eb3287d2ea4e49499de01e9e6 HTTP/1.1" 200 534
2023-09-17 16:07:59,980 - DEBUG - Starting new HTTPS connection (1): api.openweathermap.org:443
2023-09-17 16:08:00,630 - DEBUG - https://api.openweathermap.org:443 "GET /data/2.5/weather?q=Segovia,ES&units=metric&appid=3b884a8eb3287d2ea4e49499de01e9e6 HTTP/1.1" 200 516
2023-09-17 16:08:00,636 - DEBUG - Starting new HTTPS connection (1): api.openweathermap.org:443
2023-09-17 16:08:01,307 - DEBUG - https://api.openweathermap.org:443 "GET /data/2.5/weather?q=Soria,ES&units=metric&appid=3b884a8eb3287d2ea4e49499de01e9e6 HTTP/1.1" 200 521
2023-09-17 16:08:01,311 - DEBUG - Starting new HTTPS connection (1): api.openweathermap.org:443
2023-09-17 16:08:01,692 - DEBUG - https://api.openweathermap.org:443 "GET /data/2.5/weather?q=Santa%20Cruz%20de%20Tenerife,ES&units=metric&appid=3b884a8eb3287d2ea4e49499de01e9e6 HTTP/1.1" 200 490
2023-09-17 16:08:01,696 - DEBUG - Starting new HTTPS connection (1): api.openweathermap.org:443
2023-09-17 16:08:02,433 - DEBUG - https://api.openweathermap.org:443 "GET /data/2.5/weather?q=Teruel,ES&units=metric&appid=3b884a8eb3287d2ea4e49499de01e9e6 HTTP/1.1" 200 493
2023-09-17 16:08:02,437 - DEBUG - Starting new HTTPS connection (1): api.openweathermap.org:443
2023-09-17 16:08:03,149 - DEBUG - https://api.openweathermap.org:443 "GET /data/2.5/weather?q=Valladolid,ES&units=metric&appid=3b884a8eb3287d2ea4e49499de01e9e6 HTTP/1.1" 200 483
2023-09-17 16:08:03,153 - DEBUG - Starting new HTTPS connection (1): api.openweathermap.org:443
2023-09-17 16:08:03,968 - DEBUG - https://api.openweathermap.org:443 "GET /data/2.5/weather?q=Bilbao,ES&units=metric&appid=3b884a8eb3287d2ea4e49499de01e9e6 HTTP/1.1" 200 495
2023-09-17 16:08:03,974 - DEBUG - Starting new HTTPS connection (1): api.openweathermap.org:443
2023-09-17 16:08:04,685 - DEBUG - https://api.openweathermap.org:443 "GET /data/2.5/weather?q=Zamora,ES&units=metric&appid=3b884a8eb3287d2ea4e49499de01e9e6 HTTP/1.1" 200 480
2023-09-17 16:08:04,689 - DEBUG - Starting new HTTPS connection (1): api.openweathermap.org:443
2023-09-17 16:08:05,504 - DEBUG - https://api.openweathermap.org:443 "GET /data/2.5/weather?q=Zaragoza,ES&units=metric&appid=3b884a8eb3287d2ea4e49499de01e9e6 HTTP/1.1" 200 475
2023-09-17 16:08:05,507 - INFO - Data obtained from the API successfully
2023-09-17 16:08:05,508 - INFO - Transforming data extracted from the Open Weather API...
2023-09-17 16:08:05,508 - INFO - Beginning the transformation...
2023-09-17 16:08:05,570 - INFO - Data transformed to pandas DataFrame
2023-09-17 16:08:05,580 - INFO - json weather column split in various columns
2023-09-17 16:08:05,589 - INFO - Timestamp transformed to date succesfully
2023-09-17 16:08:11,701 - INFO - Data from Timestamp transformed to hours succesfully
2023-09-17 16:08:11,704 - INFO - Unnecessary columns eliminated
2023-09-17 16:08:11,705 - INFO - dot changed for underscore
2023-09-17 16:08:11,712 - INFO - Columns type changed for Big Query
2023-09-17 16:08:11,713 - INFO - date_insertion column created
2023-09-17 16:08:11,713 - INFO - Loading data to Big Query...
2023-09-17 16:08:11,713 - INFO - Loading data process starting
2023-09-17 16:08:11,780 - DEBUG - This service is instrumented using OpenTelemetry. OpenTelemetry or one of its components could not be imported; please add compatible versions of opentelemetry-api and opentelemetry-instrumentation packages in order to get BigQuery Tracing data.
2023-09-17 16:08:11,781 - DEBUG - Converted retries value: 3 -> Retry(total=3, connect=None, read=None, redirect=None, status=None)
2023-09-17 16:08:11,787 - DEBUG - Making request: POST https://oauth2.googleapis.com/token
2023-09-17 16:08:11,789 - DEBUG - Starting new HTTPS connection (1): oauth2.googleapis.com:443
2023-09-17 16:08:11,908 - DEBUG - https://oauth2.googleapis.com:443 "POST /token HTTP/1.1" 200 None
2023-09-17 16:08:11,915 - DEBUG - Starting new HTTPS connection (1): bigquery.googleapis.com:443
2023-09-17 16:08:12,161 - DEBUG - https://bigquery.googleapis.com:443 "GET /bigquery/v2/projects/tfm-etl-weather-project/datasets/data_warehouse/tables/openweather?prettyPrint=false HTTP/1.1" 404 None
2023-09-17 16:08:13,288 - DEBUG - https://bigquery.googleapis.com:443 "POST /bigquery/v2/projects/tfm-etl-weather-project/jobs?prettyPrint=false HTTP/1.1" 200 None
2023-09-17 16:08:13,492 - DEBUG - https://bigquery.googleapis.com:443 "GET /bigquery/v2/projects/tfm-etl-weather-project/queries/5c8c2416-648f-45d1-b7e2-41b8652734d7?maxResults=0&location=europe-southwest1&prettyPrint=false HTTP/1.1" 200 None
2023-09-17 16:08:13,575 - DEBUG - https://bigquery.googleapis.com:443 "GET /bigquery/v2/projects/tfm-etl-weather-project/jobs/5c8c2416-648f-45d1-b7e2-41b8652734d7?location=europe-southwest1&prettyPrint=false HTTP/1.1" 200 None
2023-09-17 16:08:13,774 - DEBUG - Converted retries value: 3 -> Retry(total=3, connect=None, read=None, redirect=None, status=None)
2023-09-17 16:08:13,777 - DEBUG - Making request: POST https://oauth2.googleapis.com/token
2023-09-17 16:08:13,778 - DEBUG - Starting new HTTPS connection (1): oauth2.googleapis.com:443
2023-09-17 16:08:13,878 - DEBUG - https://oauth2.googleapis.com:443 "POST /token HTTP/1.1" 200 None
2023-09-17 16:08:13,881 - DEBUG - Starting new HTTPS connection (1): bigquery.googleapis.com:443
2023-09-17 16:08:14,107 - DEBUG - https://bigquery.googleapis.com:443 "GET /bigquery/v2/projects/tfm-etl-weather-project/datasets/data_warehouse/tables/openweather?prettyPrint=false HTTP/1.1" 200 None
2023-09-17 16:08:15,133 - DEBUG - https://bigquery.googleapis.com:443 "POST /upload/bigquery/v2/projects/tfm-etl-weather-project/jobs?uploadType=multipart HTTP/1.1" 200 4347
2023-09-17 16:08:15,335 - DEBUG - https://bigquery.googleapis.com:443 "GET /bigquery/v2/projects/tfm-etl-weather-project/jobs/4556e5b0-b6fc-4cb5-9f31-57bd68b4775c?location=europe-southwest1&prettyPrint=false HTTP/1.1" 200 None
2023-09-17 16:08:15,335 - DEBUG - Retrying due to , sleeping 0.2s ...
2023-09-17 16:08:15,745 - DEBUG - https://bigquery.googleapis.com:443 "GET /bigquery/v2/projects/tfm-etl-weather-project/jobs/4556e5b0-b6fc-4cb5-9f31-57bd68b4775c?location=europe-southwest1&prettyPrint=false HTTP/1.1" 200 None
2023-09-17 16:08:15,746 - DEBUG - Retrying due to , sleeping 0.2s ...
2023-09-17 16:08:15,962 - DEBUG - https://bigquery.googleapis.com:443 "GET /bigquery/v2/projects/tfm-etl-weather-project/jobs/4556e5b0-b6fc-4cb5-9f31-57bd68b4775c?location=europe-southwest1&prettyPrint=false HTTP/1.1" 200 None
2023-09-17 16:08:15,963 - DEBUG - Retrying due to , sleeping 1.8s ...
2023-09-17 16:08:17,999 - DEBUG - https://bigquery.googleapis.com:443 "GET /bigquery/v2/projects/tfm-etl-weather-project/jobs/4556e5b0-b6fc-4cb5-9f31-57bd68b4775c?location=europe-southwest1&prettyPrint=false HTTP/1.1" 200 None
2023-09-17 16:08:18,001 - INFO - 50 out of 50 rows loaded.
2023-09-17 16:08:18,001 - INFO - Load table to bq succesfully
